2023/12/27 22:20:07 2023-12-27 22:20:07.250748907 -0300 -03----[Carregado 520822415896 - Tejada Jimenez - 700] <nil>
2023/12/27 22:20:50 2023-12-27 22:20:50.918966107 -0300 -03----[2023-12-27 22:20:50.918954907 -0300 -03 m=+43.668963604 - CLOSED] <nil>
2023/12/27 22:21:19 2023-12-27 22:21:19.316530627 -0300 -03----[2023-12-27 22:21:19.316469827 -0300 -03 m=+26.022882636 - CLOSED] <nil>
2023/12/27 22:22:23 2023-12-27 22:22:23.596591492 -0300 -03----[2023-12-27 22:22:23.596534092 -0300 -03 m=+62.947277775 - CLOSED] <nil>
2023/12/27 22:53:07 2023-12-27 22:53:07.875540576 -0300 -03----[------- SETTING NEW TOKEN -------] <nil>
2023/12/27 22:53:07 2023-12-27 22:53:07.875600376 -0300 -03----[GETTING EA AUTH] <nil>
2023/12/27 22:53:09 2023-12-27 22:53:09.532886396 -0300 -03----[[IT WAS NOT POSSIBLE TO GET THE TOKEN FOR ULTIMATE TEAM. STATUS: 500 
 ]] <nil>
2023/12/27 22:53:09 <nil>
2023/12/27 22:55:37 2023-12-27 22:55:37.541170055 -0300 -03----[------- SETTING NEW TOKEN -------] <nil>
2023/12/27 22:55:37 2023-12-27 22:55:37.541286055 -0300 -03----[GETTING EA AUTH] <nil>
2023/12/27 22:55:39 2023-12-27 22:55:39.369913723 -0300 -03----[[IT WAS NOT POSSIBLE TO GET THE TOKEN FOR ULTIMATE TEAM. STATUS: 500 
 ]] <nil>
2023/12/27 22:55:39 <nil>
2023/12/27 22:58:15 2023-12-27 22:58:15.269508724 -0300 -03----[------- SETTING NEW TOKEN -------] <nil>
2023/12/27 22:58:15 2023-12-27 22:58:15.269585924 -0300 -03----[GETTING EA AUTH] <nil>
2023/12/27 22:58:16 2023-12-27 22:58:16.966126575 -0300 -03----[[IT WAS NOT POSSIBLE TO GET THE TOKEN FOR ULTIMATE TEAM. STATUS: 500 
 ]] <nil>
2023/12/27 22:58:16 <nil>
2023/12/27 22:59:07 2023-12-27 22:59:07.66466361 -0300 -03----[------- SETTING NEW TOKEN -------] <nil>
2023/12/27 22:59:07 2023-12-27 22:59:07.66472011 -0300 -03----[GETTING EA AUTH] <nil>
2023/12/27 22:59:09 2023-12-27 22:59:09.604783502 -0300 -03----[[IT WAS NOT POSSIBLE TO GET THE TOKEN FOR ULTIMATE TEAM. STATUS: 403 
 ]] <nil>
2023/12/27 22:59:09 <nil>
2023/12/27 23:00:06 2023-12-27 23:00:06.430913392 -0300 -03----[------- SETTING NEW TOKEN -------] <nil>
2023/12/27 23:00:06 2023-12-27 23:00:06.430974292 -0300 -03----[GETTING EA AUTH] <nil>
2023/12/27 23:00:08 2023-12-27 23:00:08.352799483 -0300 -03----[[IT WAS NOT POSSIBLE TO GET THE TOKEN FOR ULTIMATE TEAM. STATUS: 403 
 ]] <nil>
2023/12/27 23:00:08 <nil>
2023/12/27 23:16:25 2023-12-27 23:16:25.484109943 -0300 -03----[------- SETTING NEW TOKEN -------] <nil>
2023/12/27 23:16:25 2023-12-27 23:16:25.484208743 -0300 -03----[GETTING EA AUTH] <nil>
2023/12/27 23:16:28 2023-12-27 23:16:28.107729623 -0300 -03----[TOKEN ############################## c0651831-2900-4ae2-a4d3-a33cde0760dc] <nil>
2023/12/27 23:16:28 2023-12-27 23:16:28.107797523 -0300 -03----[CHANGING AUTH SKU] <nil>
2023/12/27 23:16:28 2023-12-27 23:16:28.107858223 -0300 -03----[searching players...] <nil>
2023/12/27 23:16:28 2023-12-27 23:16:28.107895623 -0300 -03----[Searching player: Romelu Lukaku] <nil>
2023/12/27 23:16:35 2023-12-27 23:16:35.380958528 -0300 -03----[Searching player: Adrien Rabiot] <nil>
2023/12/27 23:16:42 2023-12-27 23:16:42.628703156 -0300 -03----[Searching player: Chris Smalling] <nil>
2023/12/27 23:16:49 2023-12-27 23:16:49.874295196 -0300 -03----[searching players...] <nil>
2023/12/27 23:16:49 2023-12-27 23:16:49.874381596 -0300 -03----[Searching player: Romelu Lukaku] <nil>
2023/12/27 23:16:57 2023-12-27 23:16:57.089508141 -0300 -03----[Searching player: Adrien Rabiot] <nil>
2023/12/27 23:16:57 2023-12-27 23:16:57.292739742 -0300 -03----[------- SETTING NEW TOKEN -------] <nil>
2023/12/27 23:16:57 2023-12-27 23:16:57.292840742 -0300 -03----[GETTING EA AUTH] <nil>
2023/12/27 23:16:57 2023-12-27 23:16:57.741380045 -0300 -03----[[IT WAS NOT POSSIBLE TO GET THE TOKEN FOR ULTIMATE TEAM. STATUS: 403 
 ]] <nil>
2023/12/27 23:16:57 <nil>
2023/12/27 23:19:11 2023-12-27 23:19:11.869414338 -0300 -03----[------- SETTING NEW TOKEN -------] <nil>
2023/12/27 23:19:11 2023-12-27 23:19:11.869512538 -0300 -03----[GETTING EA AUTH] <nil>
2023/12/27 23:19:14 2023-12-27 23:19:14.266914142 -0300 -03----[TOKEN ############################## a6efc83b-03f9-426e-806f-87c69fd6926f] <nil>
2023/12/27 23:19:14 2023-12-27 23:19:14.267002542 -0300 -03----[CHANGING AUTH SKU] <nil>
2023/12/27 23:19:14 2023-12-27 23:19:14.267035742 -0300 -03----[searching players...] <nil>
2023/12/27 23:19:14 2023-12-27 23:19:14.267069542 -0300 -03----[Searching player: Romelu Lukaku] <nil>
2023/12/27 23:19:22 2023-12-27 23:19:22.120199909 -0300 -03----[Searching player: Adrien Rabiot] <nil>
2023/12/27 23:19:29 2023-12-27 23:19:29.360453983 -0300 -03----[Searching player: Chris Smalling] <nil>
2023/12/27 23:19:36 2023-12-27 23:19:36.628597066 -0300 -03----[searching players...] <nil>
2023/12/27 23:19:36 2023-12-27 23:19:36.628690866 -0300 -03----[Searching player: Romelu Lukaku] <nil>
2023/12/27 23:19:43 2023-12-27 23:19:43.844402732 -0300 -03----[Searching player: Adrien Rabiot] <nil>
2023/12/27 23:19:44 2023-12-27 23:19:44.267234823 -0300 -03----[Watching trades] <nil>
2023/12/27 23:19:44 2023-12-27 23:19:44.648244914 -0300 -03----[Maxbid not found for playerId: 272206 -- Trade: 520822415896] <nil>
2023/12/27 23:19:44 2023-12-27 23:19:44.648325214 -0300 -03----[Checking trades to unwatch...] <nil>
2023/12/27 23:19:45 2023-12-27 23:19:45.64847699 -0300 -03----[Deleting --- tradeId: 520822415896] <nil>
2023/12/27 23:19:45 2023-12-27 23:19:45.862263185 -0300 -03----[ERROR STOP WATCHING, STATUS CODE:  461] <nil>
2023/12/27 23:19:51 2023-12-27 23:19:51.058579751 -0300 -03----[Searching player: Chris Smalling] <nil>
2023/12/27 23:19:58 2023-12-27 23:19:58.888185825 -0300 -03----[searching players...] <nil>
2023/12/27 23:19:58 2023-12-27 23:19:58.888256425 -0300 -03----[Searching player: Adrien Rabiot] <nil>
2023/12/27 23:20:04 2023-12-27 23:20:04.653362892 -0300 -03----[Watching trades] <nil>
2023/12/27 23:20:05 2023-12-27 23:20:05.040218458 -0300 -03----[Maxbid not found for playerId: 272206 -- Trade: 520822415896] <nil>
2023/12/27 23:20:05 2023-12-27 23:20:05.040311258 -0300 -03----[Checking trades to unwatch...] <nil>
2023/12/27 23:20:05 2023-12-27 23:20:05.449074728 -0300 -03----[2023-12-27 23:20:05.449067628 -0300 -03 m=+53.580202291 - CLOSED] <nil>
2023/12/27 23:36:20 2023-12-27 23:36:20.961800398 -0300 -03----[------- SETTING NEW TOKEN -------] <nil>
2023/12/27 23:36:20 2023-12-27 23:36:20.961887098 -0300 -03----[GETTING EA AUTH] <nil>
2023/12/27 23:36:22 2023-12-27 23:36:22.661585296 -0300 -03----[[IT WAS NOT POSSIBLE TO GET THE TOKEN FOR ULTIMATE TEAM. STATUS: 401 
 multiple session]] <nil>
2023/12/27 23:36:22 <nil>
2024/01/07 14:25:14 2024-01-07 14:25:14.500968477 -0300 -03----[------- SETTING NEW TOKEN -------] <nil>
2024/01/07 14:25:14 2024-01-07 14:25:14.501477377 -0300 -03----[GETTING EA AUTH] <nil>
2024/01/07 14:25:16 2024-01-07 14:25:16.925030281 -0300 -03----[TOKEN ############################## eac3ee52-ca6b-46b1-893c-774f2630700c] <nil>
2024/01/07 14:25:16 2024-01-07 14:25:16.925109181 -0300 -03----[CHANGING AUTH SKU] <nil>
2024/01/07 14:25:16 2024-01-07 14:25:16.925163381 -0300 -03----[searching players...] <nil>
2024/01/07 14:25:16 2024-01-07 14:25:16.925198881 -0300 -03----[Searching player: Chris Smalling] <nil>
2024/01/07 14:25:24 2024-01-07 14:25:24.240513695 -0300 -03----[Searching player: Claudia Pina Medina] <nil>
2024/01/07 14:25:24 2024-01-07 14:25:24.812052696 -0300 -03----[------------------- MAKING BID --- tradeId: 522427296779 --- bid: 900] <nil>
2024/01/07 14:25:25 2024-01-07 14:25:25.774604098 -0300 -03----[--------------------------------- BID SUCCESS] <nil>
2024/01/07 14:25:27 2024-01-07 14:25:27.023611602 -0300 -03----[------------------- MAKING BID --- tradeId: 522427379074 --- bid: 900] <nil>
2024/01/07 14:25:27 2024-01-07 14:25:27.023669702 -0300 -03----[------------------- Waiting for bid...] <nil>
2024/01/07 14:25:29 2024-01-07 14:25:29.027022508 -0300 -03----[--------------------------------- BID SUCCESS] <nil>
2024/01/07 14:25:30 2024-01-07 14:25:30.263988612 -0300 -03----[------------------- MAKING BID --- tradeId: 522427555322 --- bid: 900] <nil>
2024/01/07 14:25:30 2024-01-07 14:25:30.264045312 -0300 -03----[------------------- Waiting for bid...] <nil>
2024/01/07 14:25:32 2024-01-07 14:25:32.220444719 -0300 -03----[--------------------------------- BID SUCCESS] <nil>
2024/01/07 14:25:33 2024-01-07 14:25:33.483366723 -0300 -03----[------------------- MAKING BID --- tradeId: 522427556754 --- bid: 900] <nil>
2024/01/07 14:25:33 2024-01-07 14:25:33.483429023 -0300 -03----[------------------- Waiting for bid...] <nil>
2024/01/07 14:25:35 2024-01-07 14:25:35.367457435 -0300 -03----[--------------------------------- BID SUCCESS] <nil>
2024/01/07 14:25:36 2024-01-07 14:25:36.617943843 -0300 -03----[------------------- MAKING BID --- tradeId: 522427548207 --- bid: 900] <nil>
2024/01/07 14:25:36 2024-01-07 14:25:36.618002843 -0300 -03----[------------------- Waiting for bid...] <nil>
2024/01/07 14:25:38 2024-01-07 14:25:38.522652656 -0300 -03----[--------------------------------- BID SUCCESS] <nil>
2024/01/07 14:25:39 2024-01-07 14:25:39.785165764 -0300 -03----[------------------- MAKING BID --- tradeId: 522427607754 --- bid: 900] <nil>
2024/01/07 14:25:39 2024-01-07 14:25:39.785224264 -0300 -03----[------------------- Waiting for bid...] <nil>
2024/01/07 14:25:41 2024-01-07 14:25:41.711113076 -0300 -03----[--------------------------------- BID SUCCESS] <nil>
2024/01/07 14:25:42 2024-01-07 14:25:42.950586784 -0300 -03----[------------------- MAKING BID --- tradeId: 522427737019 --- bid: 900] <nil>
2024/01/07 14:25:42 2024-01-07 14:25:42.950645284 -0300 -03----[------------------- Waiting for bid...] <nil>
2024/01/07 14:25:44 2024-01-07 14:25:44.905700496 -0300 -03----[--------------------------------- BID SUCCESS] <nil>
2024/01/07 14:25:46 2024-01-07 14:25:46.926297208 -0300 -03----[Watching trades] <nil>
2024/01/07 14:25:52 2024-01-07 14:25:52.911277832 -0300 -03----[Searching player: Rasheedat Ajibade] <nil>
2024/01/07 14:26:00 2024-01-07 14:26:00.156799442 -0300 -03----[Searching player: Rodrygo] <nil>
2024/01/07 14:26:07 2024-01-07 14:26:07.356149223 -0300 -03----[Watching trades] <nil>
2024/01/07 14:26:07 2024-01-07 14:26:07.379479322 -0300 -03----[Searching player: Romelu Lukaku] <nil>
2024/01/07 14:26:14 2024-01-07 14:26:14.998214746 -0300 -03----[Searching player: Adrien Rabiot] <nil>
2024/01/07 14:26:22 2024-01-07 14:26:22.259807253 -0300 -03----[searching players...] <nil>
2024/01/07 14:26:22 2024-01-07 14:26:22.259892253 -0300 -03----[Searching player: Romelu Lukaku] <nil>
2024/01/07 14:26:27 2024-01-07 14:26:27.747753563 -0300 -03----[Watching trades] <nil>
2024/01/07 14:26:29 2024-01-07 14:26:29.467126767 -0300 -03----[Searching player: Adrien Rabiot] <nil>
2024/01/07 14:26:36 2024-01-07 14:26:36.679508286 -0300 -03----[Searching player: Chris Smalling] <nil>
2024/01/07 14:26:43 2024-01-07 14:26:43.95793767 -0300 -03----[Searching player: Claudia Pina Medina] <nil>
2024/01/07 14:26:44 2024-01-07 14:26:44.469788969 -0300 -03----[------------------- MAKING BID --- tradeId: 522427945692 --- bid: 900] <nil>
2024/01/07 14:26:45 2024-01-07 14:26:45.434341466 -0300 -03----[--------------------------------- BID SUCCESS] <nil>
2024/01/07 14:26:48 2024-01-07 14:26:48.160509859 -0300 -03----[Watching trades] <nil>
2024/01/07 14:26:53 2024-01-07 14:26:53.436120045 -0300 -03----[Searching player: Rasheedat Ajibade] <nil>
2024/01/07 14:27:00 2024-01-07 14:27:00.681745322 -0300 -03----[Searching player: Rodrygo] <nil>
2024/01/07 14:27:07 2024-01-07 14:27:07.914715237 -0300 -03----[searching players...] <nil>
2024/01/07 14:27:07 2024-01-07 14:27:07.914811737 -0300 -03----[Searching player: Romelu Lukaku] <nil>
2024/01/07 14:27:08 2024-01-07 14:27:08.719181027 -0300 -03----[Watching trades] <nil>
2024/01/07 14:27:15 2024-01-07 14:27:15.184534583 -0300 -03----[Searching player: Adrien Rabiot] <nil>
2024/01/07 14:27:22 2024-01-07 14:27:22.424174266 -0300 -03----[Searching player: Chris Smalling] <nil>
2024/01/07 14:27:29 2024-01-07 14:27:29.128014059 -0300 -03----[Watching trades] <nil>
2024/01/07 14:27:29 2024-01-07 14:27:29.656958059 -0300 -03----[Searching player: Claudia Pina Medina] <nil>
2024/01/07 14:27:36 2024-01-07 14:27:36.893611758 -0300 -03----[Searching player: Rasheedat Ajibade] <nil>
2024/01/07 14:27:44 2024-01-07 14:27:44.133305964 -0300 -03----[Searching player: Rodrygo] <nil>
2024/01/07 14:27:49 2024-01-07 14:27:49.52975647 -0300 -03----[Watching trades] <nil>
2024/01/07 14:27:51 2024-01-07 14:27:51.340682171 -0300 -03----[searching players...] <nil>
2024/01/07 14:27:51 2024-01-07 14:27:51.340755071 -0300 -03----[Searching player: Romelu Lukaku] <nil>
2024/01/07 14:27:58 2024-01-07 14:27:58.625656473 -0300 -03----[Searching player: Adrien Rabiot] <nil>
2024/01/07 14:28:05 2024-01-07 14:28:05.859350973 -0300 -03----[Searching player: Chris Smalling] <nil>
2024/01/07 14:28:09 2024-01-07 14:28:09.962235674 -0300 -03----[Watching trades] <nil>
2024/01/07 14:28:13 2024-01-07 14:28:13.092177475 -0300 -03----[Searching player: Claudia Pina Medina] <nil>
2024/01/07 14:28:20 2024-01-07 14:28:20.336724073 -0300 -03----[Searching player: Rasheedat Ajibade] <nil>
2024/01/07 14:28:27 2024-01-07 14:28:27.578266632 -0300 -03----[Searching player: Rodrygo] <nil>
2024/01/07 14:28:30 2024-01-07 14:28:30.372494613 -0300 -03----[Watching trades] <nil>
2024/01/07 14:28:34 2024-01-07 14:28:34.800634097 -0300 -03----[searching players...] <nil>
2024/01/07 14:28:34 2024-01-07 14:28:34.800698697 -0300 -03----[Searching player: Claudia Pina Medina] <nil>
2024/01/07 14:28:35 2024-01-07 14:28:35.267740395 -0300 -03----[------------------- MAKING BID --- tradeId: 522428291476 --- bid: 900] <nil>
2024/01/07 14:28:36 2024-01-07 14:28:36.238390292 -0300 -03----[--------------------------------- BID SUCCESS] <nil>
2024/01/07 14:28:44 2024-01-07 14:28:44.244787715 -0300 -03----[Searching player: Rasheedat Ajibade] <nil>
2024/01/07 14:28:50 2024-01-07 14:28:50.766013265 -0300 -03----[Watching trades] <nil>
2024/01/07 14:28:51 2024-01-07 14:28:51.456640071 -0300 -03----[Searching player: Rodrygo] <nil>
2024/01/07 14:28:58 2024-01-07 14:28:58.664590258 -0300 -03----[Searching player: Romelu Lukaku] <nil>
2024/01/07 14:29:05 2024-01-07 14:29:05.926236851 -0300 -03----[Searching player: Adrien Rabiot] <nil>
2024/01/07 14:29:11 2024-01-07 14:29:11.237601705 -0300 -03----[Watching trades] <nil>
2024/01/07 14:29:13 2024-01-07 14:29:13.199664114 -0300 -03----[Searching player: Chris Smalling] <nil>
2024/01/07 14:29:20 2024-01-07 14:29:20.429252758 -0300 -03----[searching players...] <nil>
2024/01/07 14:29:20 2024-01-07 14:29:20.429331158 -0300 -03----[Searching player: Adrien Rabiot] <nil>
2024/01/07 14:29:27 2024-01-07 14:29:27.639180224 -0300 -03----[Searching player: Chris Smalling] <nil>
2024/01/07 14:29:31 2024-01-07 14:29:31.656782852 -0300 -03----[Watching trades] <nil>
2024/01/07 14:29:34 2024-01-07 14:29:34.850260773 -0300 -03----[Searching player: Claudia Pina Medina] <nil>
2024/01/07 14:29:35 2024-01-07 14:29:35.314985075 -0300 -03----[------------------- MAKING BID --- tradeId: 522428332185 --- bid: 900] <nil>
2024/01/07 14:29:36 2024-01-07 14:29:36.32172288 -0300 -03----[--------------------------------- BID SUCCESS] <nil>
2024/01/07 14:29:37 2024-01-07 14:29:37.544458486 -0300 -03----[------------------- MAKING BID --- tradeId: 522428426024 --- bid: 900] <nil>
2024/01/07 14:29:37 2024-01-07 14:29:37.544528386 -0300 -03----[------------------- Waiting for bid...] <nil>
2024/01/07 14:29:39 2024-01-07 14:29:39.524328995 -0300 -03----[--------------------------------- BID SUCCESS] <nil>
2024/01/07 14:29:47 2024-01-07 14:29:47.530712727 -0300 -03----[Searching player: Rasheedat Ajibade] <nil>
2024/01/07 14:29:52 2024-01-07 14:29:52.076978941 -0300 -03----[Watching trades] <nil>
2024/01/07 14:29:54 2024-01-07 14:29:54.769046547 -0300 -03----[Searching player: Rodrygo] <nil>
2024/01/07 14:30:01 2024-01-07 14:30:01.99630926 -0300 -03----[Searching player: Romelu Lukaku] <nil>
2024/01/07 14:30:09 2024-01-07 14:30:09.383297171 -0300 -03----[searching players...] <nil>
2024/01/07 14:30:09 2024-01-07 14:30:09.383363671 -0300 -03----[Searching player: Romelu Lukaku] <nil>
2024/01/07 14:30:12 2024-01-07 14:30:12.510146676 -0300 -03----[Watching trades] <nil>
2024/01/07 14:30:16 2024-01-07 14:30:16.598717312 -0300 -03----[Searching player: Adrien Rabiot] <nil>
2024/01/07 14:30:23 2024-01-07 14:30:23.837920618 -0300 -03----[Searching player: Chris Smalling] <nil>
2024/01/07 14:30:31 2024-01-07 14:30:31.089429979 -0300 -03----[Searching player: Claudia Pina Medina] <nil>
2024/01/07 14:30:31 2024-01-07 14:30:31.564586243 -0300 -03----[------------------- MAKING BID --- tradeId: 522428452993 --- bid: 900] <nil>
2024/01/07 14:30:32 2024-01-07 14:30:32.486005068 -0300 -03----[--------------------------------- BID SUCCESS] <nil>
2024/01/07 14:30:32 2024-01-07 14:30:32.946567431 -0300 -03----[Watching trades] <nil>
2024/01/07 14:30:40 2024-01-07 14:30:40.492938292 -0300 -03----[Searching player: Rasheedat Ajibade] <nil>
2024/01/07 14:30:47 2024-01-07 14:30:47.733613146 -0300 -03----[Searching player: Rodrygo] <nil>
2024/01/07 14:30:53 2024-01-07 14:30:53.363968868 -0300 -03----[Watching trades] <nil>
2024/01/07 14:30:54 2024-01-07 14:30:54.940317448 -0300 -03----[searching players...] <nil>
2024/01/07 14:30:54 2024-01-07 14:30:54.940405248 -0300 -03----[Searching player: Adrien Rabiot] <nil>
2024/01/07 14:31:02 2024-01-07 14:31:02.171003315 -0300 -03----[Searching player: Chris Smalling] <nil>
2024/01/07 14:31:09 2024-01-07 14:31:09.412422908 -0300 -03----[Searching player: Claudia Pina Medina] <nil>
2024/01/07 14:31:13 2024-01-07 14:31:13.775025163 -0300 -03----[Watching trades] <nil>
2024/01/07 14:31:16 2024-01-07 14:31:16.648118632 -0300 -03----[Searching player: Rasheedat Ajibade] <nil>
2024/01/07 14:31:23 2024-01-07 14:31:23.884711488 -0300 -03----[Searching player: Rodrygo] <nil>
2024/01/07 14:31:31 2024-01-07 14:31:31.112058739 -0300 -03----[Searching player: Romelu Lukaku] <nil>
2024/01/07 14:31:34 2024-01-07 14:31:34.204092266 -0300 -03----[Watching trades] <nil>
2024/01/07 14:31:38 2024-01-07 14:31:38.385907989 -0300 -03----[searching players...] <nil>
2024/01/07 14:31:38 2024-01-07 14:31:38.385978589 -0300 -03----[Searching player: Romelu Lukaku] <nil>
2024/01/07 14:31:45 2024-01-07 14:31:45.600976516 -0300 -03----[Searching player: Adrien Rabiot] <nil>
2024/01/07 14:31:52 2024-01-07 14:31:52.838485116 -0300 -03----[Searching player: Chris Smalling] <nil>
2024/01/07 14:31:54 2024-01-07 14:31:54.618436211 -0300 -03----[Watching trades] <nil>
2024/01/07 14:32:00 2024-01-07 14:32:00.077680521 -0300 -03----[Searching player: Claudia Pina Medina] <nil>
2024/01/07 14:32:00 2024-01-07 14:32:00.5620439 -0300 -03----[------------------- MAKING BID --- tradeId: 522428606886 --- bid: 900] <nil>
2024/01/07 14:32:01 2024-01-07 14:32:01.467877161 -0300 -03----[--------------------------------- BID SUCCESS] <nil>
2024/01/07 14:32:02 2024-01-07 14:32:02.738768906 -0300 -03----[------------------- MAKING BID --- tradeId: 522428655922 --- bid: 900] <nil>
2024/01/07 14:32:02 2024-01-07 14:32:02.738828106 -0300 -03----[------------------- Waiting for bid...] <nil>
2024/01/07 14:32:04 2024-01-07 14:32:04.592208326 -0300 -03----[--------------------------------- BID SUCCESS] <nil>
2024/01/07 14:32:12 2024-01-07 14:32:12.598836551 -0300 -03----[Searching player: Rasheedat Ajibade] <nil>
2024/01/07 14:32:15 2024-01-07 14:32:15.026037464 -0300 -03----[Watching trades] <nil>
2024/01/07 14:32:19 2024-01-07 14:32:19.839132349 -0300 -03----[Searching player: Rodrygo] <nil>
2024/01/07 14:32:27 2024-01-07 14:32:27.049022287 -0300 -03----[searching players...] <nil>
2024/01/07 14:32:27 2024-01-07 14:32:27.049088187 -0300 -03----[Searching player: Rodrygo] <nil>
2024/01/07 14:32:34 2024-01-07 14:32:34.271842119 -0300 -03----[Searching player: Romelu Lukaku] <nil>
2024/01/07 14:32:35 2024-01-07 14:32:35.432880411 -0300 -03----[Watching trades] <nil>
2024/01/07 14:32:41 2024-01-07 14:32:41.51314258 -0300 -03----[Searching player: Adrien Rabiot] <nil>
2024/01/07 14:32:48 2024-01-07 14:32:48.75074163 -0300 -03----[Searching player: Chris Smalling] <nil>
2024/01/07 14:32:55 2024-01-07 14:32:55.848231963 -0300 -03----[Watching trades] <nil>
2024/01/07 14:32:56 2024-01-07 14:32:56.065875865 -0300 -03----[Searching player: Claudia Pina Medina] <nil>
2024/01/07 14:32:56 2024-01-07 14:32:56.870243672 -0300 -03----[------------------- MAKING BID --- tradeId: 522428693782 --- bid: 900] <nil>
2024/01/07 14:32:57 2024-01-07 14:32:57.84347968 -0300 -03----[--------------------------------- BID SUCCESS] <nil>
2024/01/07 14:33:05 2024-01-07 14:33:05.849831268 -0300 -03----[Searching player: Rasheedat Ajibade] <nil>
2024/01/07 14:33:13 2024-01-07 14:33:13.095116267 -0300 -03----[searching players...] <nil>
2024/01/07 14:33:13 2024-01-07 14:33:13.095183067 -0300 -03----[Searching player: Adrien Rabiot] <nil>
2024/01/07 14:33:16 2024-01-07 14:33:16.0201694 -0300 -03----[2024-01-07 14:33:16.0201558 -0300 -03 m=+481.519898524 - CLOSED] <nil>
